<?xml version="1.0" encoding="UTF-8"?>
<!-- Generated by org.testng.reporters.JUnitReportReporter -->
<testsuite hostname="DESKTOP-PB18A7O" failures="0" tests="1" name="ebayTests.ExpandElementsTest" time="1.927" errors="0" timestamp="2022-03-20T21:37:27 EDT" skipped="0">
  <testcase classname="ebayTests.ExpandElementsTest" name="register" time="1.927"/>
  <system-out/>
</testsuite> <!-- ebayTests.ExpandElementsTest -->
