<?xml version="1.0" encoding="UTF-8"?>
<!-- Generated by org.testng.reporters.JUnitReportReporter -->
<testsuite hostname="DESKTOP-PB18A7O" failures="0" tests="2" name="ebayTests.HomePageTest" time="2.338" errors="0" timestamp="2022-03-17T11:37:01 EDT" skipped="0">
  <testcase classname="ebayTests.HomePageTest" name="searchItem" time="2.321"/>
  <system-out/>
  <testcase classname="ebayTests.HomePageTest" name="goToHomePage" time="0.017"/>
  <system-out/>
</testsuite> <!-- ebayTests.HomePageTest -->
