<?xml version="1.0" encoding="UTF-8"?>
<!-- Generated by org.testng.reporters.JUnitReportReporter -->
<testsuite hostname="DESKTOP-PB18A7O" failures="0" tests="1" name="ebayTests.SearchItemsTest" time="56.364" errors="0" timestamp="2022-03-17T17:44:07 EDT" skipped="0">
  <testcase classname="ebayTests.SearchItemsTest" name="searchItem" time="56.364"/>
  <system-out/>
</testsuite> <!-- ebayTests.SearchItemsTest -->
