<?xml version="1.0" encoding="UTF-8"?>
<!-- Generated by org.testng.reporters.JUnitReportReporter -->
<testsuite hostname="DESKTOP-PB18A7O" failures="0" tests="2" name="targetTests.HomePageTest" time="61.269" errors="0" timestamp="2022-03-22T01:16:20 EDT" skipped="0">
  <testcase classname="targetTests.HomePageTest" name="writeResults" time="60.406"/>
  <system-out/>
  <testcase classname="targetTests.HomePageTest" name="Search" time="0.863"/>
  <system-out/>
</testsuite> <!-- targetTests.HomePageTest -->
