<?xml version="1.0" encoding="UTF-8"?>
<!-- Generated by org.testng.reporters.JUnitReportReporter -->
<testsuite hostname="DESKTOP-PB18A7O" failures="0" tests="1" name="targetTests.HomePageTest" time="61.101" errors="0" timestamp="2022-03-17T23:27:51 EDT" skipped="0">
  <testcase classname="targetTests.HomePageTest" name="Search" time="61.101"/>
  <system-out/>
</testsuite> <!-- targetTests.HomePageTest -->
